<?xml version="1.0" encoding="UTF-8"?>
<!-- Generated by org.testng.reporters.JUnitReportReporter -->
<testsuite skipped="0" hostname="LAPTOP-HAPI07V9" name="org.hcl.CrossBrowser" tests="3" failures="0" timestamp="26 Apr 2022 11:20:16 GMT" time="19.681" errors="0">
  <testcase name="testBrowser" time="6.159" classname="org.hcl.CrossBrowser"/>
  <testcase name="testBrowser" time="7.375" classname="org.hcl.CrossBrowser"/>
  <testcase name="testBrowser" time="6.147" classname="org.hcl.CrossBrowser"/>
</testsuite> <!-- org.hcl.CrossBrowser -->
